C:\Users\USER\AppData\Local\Programs\Python\Python312\Lib\site-packages\django\db\backends\utils.py:98: RuntimeWarning: Accessing the database during app initialization is discouraged. To fix this warning, avoid executing queries in AppConfig.ready() or when your app modules are imported.
  warnings.warn(self.APPS_NOT_READY_WARNING_MSG, category=RuntimeWarning)
Creating test database for alias 'default'...
EE
======================================================================
ERROR: test_transfer_failed_webhook (brillspay.tests.WebhookTests.test_transfer_failed_webhook)
----------------------------------------------------------------------
Traceback (most recent call last):
  File "C:\Users\USER\Desktop\sms\Brills-SMS\brillspay\tests.py", line 16, in setUp
    self.user = User.objects.create_user(username="testuser", password="password")
                ^^^^^^^^^^^^
AttributeError: 'str' object has no attribute 'objects'

======================================================================
ERROR: test_transfer_success_webhook (brillspay.tests.WebhookTests.test_transfer_success_webhook)
----------------------------------------------------------------------
Traceback (most recent call last):
  File "C:\Users\USER\Desktop\sms\Brills-SMS\brillspay\tests.py", line 16, in setUp
    self.user = User.objects.create_user(username="testuser", password="password")
                ^^^^^^^^^^^^
AttributeError: 'str' object has no attribute 'objects'

----------------------------------------------------------------------
Ran 2 tests in 0.055s

FAILED (errors=2)
Destroying test database for alias 'default'...
Found 2 test(s).
System check identified no issues (0 silenced).
